npm warn invalid config omit="" set in C:\Users\satya\HermesStore\frontend\.npmrc
npm warn invalid config Must be one or more of: dev, optional, peer

> frontend@0.1.0 build
> next build

   ▲ Next.js 15.5.20

   Creating an optimized production build ...
 ✓ Compiled successfully in 10.2s
   Linting and checking validity of types ...
   Collecting page data ...
   Generating static pages (0/14) ...
   Generating static pages (3/14) 
   Generating static pages (6/14) 
   Generating static pages (10/14) 
 ✓ Generating static pages (14/14)
   Finalizing page optimization ...
   Collecting build traces ...

Route (app)                                 Size  First Load JS
┌ ○ /                                    6.11 kB         121 kB
├ ○ /_not-found                            994 B         103 kB
├ ○ /agents                              4.92 kB         120 kB
├ ƒ /api/agents                            137 B         103 kB
├ ƒ /api/agents/[id]                       137 B         103 kB
├ ƒ /api/agents/[id]/soul                  137 B         103 kB
├ ƒ /api/cron                              137 B         103 kB
├ ƒ /api/cron/[id]                         137 B         103 kB
├ ƒ /api/cron/create                       137 B         103 kB
├ ƒ /api/hermes/[...path]                  137 B         103 kB
├ ○ /cron                                4.48 kB         122 kB
├ ○ /marketing                           3.31 kB         122 kB
├ ○ /products                            2.38 kB         126 kB
├ ○ /products/add                        4.62 kB         125 kB
└ ○ /settings                            3.66 kB         121 kB
+ First Load JS shared by all             102 kB
  ├ chunks/255-3981a3d1f3561bd8.js       46.2 kB
  ├ chunks/4bd1b696-c023c6e3521b1417.js  54.2 kB
  └ other shared chunks (total)          1.99 kB


○  (Static)   prerendered as static content
ƒ  (Dynamic)  server-rendered on demand

