npm warn invalid config omit="" set in C:\Users\satya\HermesStore\frontend\.npmrc
npm warn invalid config Must be one or more of: dev, optional, peer
   ▲ Next.js 15.5.20
   - Local:        http://localhost:3000
   - Network:      http://192.168.1.3:3000

 ✓ Starting...
 ✓ Ready in 1855ms
TypeError: fetch failed
    at async w (C:\Users\satya\HermesStore\frontend\.next\server\app\api\hermes\[...path]\route.js:1:1382)
    at async k (C:\Users\satya\HermesStore\frontend\.next\server\app\api\hermes\[...path]\route.js:1:4391)
    at async g (C:\Users\satya\HermesStore\frontend\.next\server\app\api\hermes\[...path]\route.js:1:5394)
    at async E (C:\Users\satya\HermesStore\frontend\.next\server\app\api\hermes\[...path]\route.js:1:6516) {
  [cause]: [AggregateError: ] { code: 'ECONNREFUSED' }
}
TypeError: fetch failed
    at async w (C:\Users\satya\HermesStore\frontend\.next\server\app\api\hermes\[...path]\route.js:1:1382)
    at async k (C:\Users\satya\HermesStore\frontend\.next\server\app\api\hermes\[...path]\route.js:1:4391)
    at async g (C:\Users\satya\HermesStore\frontend\.next\server\app\api\hermes\[...path]\route.js:1:5394)
    at async E (C:\Users\satya\HermesStore\frontend\.next\server\app\api\hermes\[...path]\route.js:1:6516) {
  [cause]: [AggregateError: ] { code: 'ECONNREFUSED' }
}
TypeError: fetch failed
    at async w (C:\Users\satya\HermesStore\frontend\.next\server\app\api\hermes\[...path]\route.js:1:1382)
    at async k (C:\Users\satya\HermesStore\frontend\.next\server\app\api\hermes\[...path]\route.js:1:4391)
    at async g (C:\Users\satya\HermesStore\frontend\.next\server\app\api\hermes\[...path]\route.js:1:5394)
    at async E (C:\Users\satya\HermesStore\frontend\.next\server\app\api\hermes\[...path]\route.js:1:6516) {
  [cause]: [AggregateError: ] { code: 'ECONNREFUSED' }
}
TypeError: fetch failed
    at async w (C:\Users\satya\HermesStore\frontend\.next\server\app\api\hermes\[...path]\route.js:1:1382)
    at async k (C:\Users\satya\HermesStore\frontend\.next\server\app\api\hermes\[...path]\route.js:1:4391)
    at async g (C:\Users\satya\HermesStore\frontend\.next\server\app\api\hermes\[...path]\route.js:1:5394)
    at async E (C:\Users\satya\HermesStore\frontend\.next\server\app\api\hermes\[...path]\route.js:1:6516) {
  [cause]: [AggregateError: ] { code: 'ECONNREFUSED' }
}
TypeError: fetch failed
    at async w (C:\Users\satya\HermesStore\frontend\.next\server\app\api\hermes\[...path]\route.js:1:1382)
    at async k (C:\Users\satya\HermesStore\frontend\.next\server\app\api\hermes\[...path]\route.js:1:4391)
    at async g (C:\Users\satya\HermesStore\frontend\.next\server\app\api\hermes\[...path]\route.js:1:5394)
    at async E (C:\Users\satya\HermesStore\frontend\.next\server\app\api\hermes\[...path]\route.js:1:6516) {
  [cause]: [AggregateError: ] { code: 'ECONNREFUSED' }
}
TypeError: fetch failed
    at async w (C:\Users\satya\HermesStore\frontend\.next\server\app\api\hermes\[...path]\route.js:1:1382)
    at async k (C:\Users\satya\HermesStore\frontend\.next\server\app\api\hermes\[...path]\route.js:1:4391)
    at async g (C:\Users\satya\HermesStore\frontend\.next\server\app\api\hermes\[...path]\route.js:1:5394)
    at async E (C:\Users\satya\HermesStore\frontend\.next\server\app\api\hermes\[...path]\route.js:1:6516) {
  [cause]: [AggregateError: ] { code: 'ECONNREFUSED' }
}
TypeError: fetch failed
    at async w (C:\Users\satya\HermesStore\frontend\.next\server\app\api\hermes\[...path]\route.js:1:1382)
    at async k (C:\Users\satya\HermesStore\frontend\.next\server\app\api\hermes\[...path]\route.js:1:4391)
    at async g (C:\Users\satya\HermesStore\frontend\.next\server\app\api\hermes\[...path]\route.js:1:5394)
    at async E (C:\Users\satya\HermesStore\frontend\.next\server\app\api\hermes\[...path]\route.js:1:6516) {
  [cause]: [AggregateError: ] { code: 'ECONNREFUSED' }
}
TypeError: fetch failed
    at async w (C:\Users\satya\HermesStore\frontend\.next\server\app\api\hermes\[...path]\route.js:1:1382)
    at async k (C:\Users\satya\HermesStore\frontend\.next\server\app\api\hermes\[...path]\route.js:1:4391)
    at async g (C:\Users\satya\HermesStore\frontend\.next\server\app\api\hermes\[...path]\route.js:1:5394)
    at async E (C:\Users\satya\HermesStore\frontend\.next\server\app\api\hermes\[...path]\route.js:1:6516) {
  [cause]: [AggregateError: ] { code: 'ECONNREFUSED' }
}
TypeError: fetch failed
    at async w (C:\Users\satya\HermesStore\frontend\.next\server\app\api\hermes\[...path]\route.js:1:1382)
    at async k (C:\Users\satya\HermesStore\frontend\.next\server\app\api\hermes\[...path]\route.js:1:4391)
    at async g (C:\Users\satya\HermesStore\frontend\.next\server\app\api\hermes\[...path]\route.js:1:5394)
    at async E (C:\Users\satya\HermesStore\frontend\.next\server\app\api\hermes\[...path]\route.js:1:6516) {
  [cause]: [AggregateError: ] { code: 'ECONNREFUSED' }
}
TypeError: fetch failed
    at async w (C:\Users\satya\HermesStore\frontend\.next\server\app\api\hermes\[...path]\route.js:1:1382)
    at async k (C:\Users\satya\HermesStore\frontend\.next\server\app\api\hermes\[...path]\route.js:1:4391)
    at async g (C:\Users\satya\HermesStore\frontend\.next\server\app\api\hermes\[...path]\route.js:1:5394)
    at async E (C:\Users\satya\HermesStore\frontend\.next\server\app\api\hermes\[...path]\route.js:1:6516) {
  [cause]: [AggregateError: ] { code: 'ECONNREFUSED' }
}
TypeError: fetch failed
    at async w (C:\Users\satya\HermesStore\frontend\.next\server\app\api\hermes\[...path]\route.js:1:1382)
    at async k (C:\Users\satya\HermesStore\frontend\.next\server\app\api\hermes\[...path]\route.js:1:4391)
    at async g (C:\Users\satya\HermesStore\frontend\.next\server\app\api\hermes\[...path]\route.js:1:5394)
    at async E (C:\Users\satya\HermesStore\frontend\.next\server\app\api\hermes\[...path]\route.js:1:6516) {
  [cause]: [AggregateError: ] { code: 'ECONNREFUSED' }
}
TypeError: fetch failed
    at async w (C:\Users\satya\HermesStore\frontend\.next\server\app\api\hermes\[...path]\route.js:1:1382)
    at async k (C:\Users\satya\HermesStore\frontend\.next\server\app\api\hermes\[...path]\route.js:1:4391)
    at async g (C:\Users\satya\HermesStore\frontend\.next\server\app\api\hermes\[...path]\route.js:1:5394)
    at async E (C:\Users\satya\HermesStore\frontend\.next\server\app\api\hermes\[...path]\route.js:1:6516) {
  [cause]: [AggregateError: ] { code: 'ECONNREFUSED' }
}
TypeError: fetch failed
    at async w (C:\Users\satya\HermesStore\frontend\.next\server\app\api\hermes\[...path]\route.js:1:1382)
    at async k (C:\Users\satya\HermesStore\frontend\.next\server\app\api\hermes\[...path]\route.js:1:4391)
    at async g (C:\Users\satya\HermesStore\frontend\.next\server\app\api\hermes\[...path]\route.js:1:5394)
    at async E (C:\Users\satya\HermesStore\frontend\.next\server\app\api\hermes\[...path]\route.js:1:6516) {
  [cause]: [AggregateError: ] { code: 'ECONNREFUSED' }
}
TypeError: fetch failed
    at async w (C:\Users\satya\HermesStore\frontend\.next\server\app\api\hermes\[...path]\route.js:1:1382)
    at async k (C:\Users\satya\HermesStore\frontend\.next\server\app\api\hermes\[...path]\route.js:1:4391)
    at async g (C:\Users\satya\HermesStore\frontend\.next\server\app\api\hermes\[...path]\route.js:1:5394)
    at async E (C:\Users\satya\HermesStore\frontend\.next\server\app\api\hermes\[...path]\route.js:1:6516) {
  [cause]: [AggregateError: ] { code: 'ECONNREFUSED' }
}
TypeError: fetch failed
    at async w (C:\Users\satya\HermesStore\frontend\.next\server\app\api\hermes\[...path]\route.js:1:1382)
    at async k (C:\Users\satya\HermesStore\frontend\.next\server\app\api\hermes\[...path]\route.js:1:4391)
    at async g (C:\Users\satya\HermesStore\frontend\.next\server\app\api\hermes\[...path]\route.js:1:5394)
    at async E (C:\Users\satya\HermesStore\frontend\.next\server\app\api\hermes\[...path]\route.js:1:6516) {
  [cause]: [AggregateError: ] { code: 'ECONNREFUSED' }
}
TypeError: fetch failed
    at async w (C:\Users\satya\HermesStore\frontend\.next\server\app\api\hermes\[...path]\route.js:1:1382)
    at async k (C:\Users\satya\HermesStore\frontend\.next\server\app\api\hermes\[...path]\route.js:1:4391)
    at async g (C:\Users\satya\HermesStore\frontend\.next\server\app\api\hermes\[...path]\route.js:1:5394)
    at async E (C:\Users\satya\HermesStore\frontend\.next\server\app\api\hermes\[...path]\route.js:1:6516) {
  [cause]: [AggregateError: ] { code: 'ECONNREFUSED' }
}
TypeError: fetch failed
    at async w (C:\Users\satya\HermesStore\frontend\.next\server\app\api\hermes\[...path]\route.js:1:1382)
    at async k (C:\Users\satya\HermesStore\frontend\.next\server\app\api\hermes\[...path]\route.js:1:4391)
    at async g (C:\Users\satya\HermesStore\frontend\.next\server\app\api\hermes\[...path]\route.js:1:5394)
    at async E (C:\Users\satya\HermesStore\frontend\.next\server\app\api\hermes\[...path]\route.js:1:6516) {
  [cause]: [AggregateError: ] { code: 'ECONNREFUSED' }
}
TypeError: fetch failed
    at async w (C:\Users\satya\HermesStore\frontend\.next\server\app\api\hermes\[...path]\route.js:1:1382)
    at async k (C:\Users\satya\HermesStore\frontend\.next\server\app\api\hermes\[...path]\route.js:1:4391)
    at async g (C:\Users\satya\HermesStore\frontend\.next\server\app\api\hermes\[...path]\route.js:1:5394)
    at async E (C:\Users\satya\HermesStore\frontend\.next\server\app\api\hermes\[...path]\route.js:1:6516) {
  [cause]: [AggregateError: ] { code: 'ECONNREFUSED' }
}
TypeError: fetch failed
    at async w (C:\Users\satya\HermesStore\frontend\.next\server\app\api\hermes\[...path]\route.js:1:1382)
    at async k (C:\Users\satya\HermesStore\frontend\.next\server\app\api\hermes\[...path]\route.js:1:4391)
    at async g (C:\Users\satya\HermesStore\frontend\.next\server\app\api\hermes\[...path]\route.js:1:5394)
    at async E (C:\Users\satya\HermesStore\frontend\.next\server\app\api\hermes\[...path]\route.js:1:6516) {
  [cause]: [AggregateError: ] { code: 'ECONNREFUSED' }
}
TypeError: fetch failed
    at async w (C:\Users\satya\HermesStore\frontend\.next\server\app\api\hermes\[...path]\route.js:1:1382)
    at async k (C:\Users\satya\HermesStore\frontend\.next\server\app\api\hermes\[...path]\route.js:1:4391)
    at async g (C:\Users\satya\HermesStore\frontend\.next\server\app\api\hermes\[...path]\route.js:1:5394)
    at async E (C:\Users\satya\HermesStore\frontend\.next\server\app\api\hermes\[...path]\route.js:1:6516) {
  [cause]: [AggregateError: ] { code: 'ECONNREFUSED' }
}
TypeError: fetch failed
    at async w (C:\Users\satya\HermesStore\frontend\.next\server\app\api\hermes\[...path]\route.js:1:1382)
    at async k (C:\Users\satya\HermesStore\frontend\.next\server\app\api\hermes\[...path]\route.js:1:4391)
    at async g (C:\Users\satya\HermesStore\frontend\.next\server\app\api\hermes\[...path]\route.js:1:5394)
    at async E (C:\Users\satya\HermesStore\frontend\.next\server\app\api\hermes\[...path]\route.js:1:6516) {
  [cause]: [AggregateError: ] { code: 'ECONNREFUSED' }
}
TypeError: fetch failed
    at async w (C:\Users\satya\HermesStore\frontend\.next\server\app\api\hermes\[...path]\route.js:1:1382)
    at async k (C:\Users\satya\HermesStore\frontend\.next\server\app\api\hermes\[...path]\route.js:1:4391)
    at async g (C:\Users\satya\HermesStore\frontend\.next\server\app\api\hermes\[...path]\route.js:1:5394)
    at async E (C:\Users\satya\HermesStore\frontend\.next\server\app\api\hermes\[...path]\route.js:1:6516) {
  [cause]: [AggregateError: ] { code: 'ECONNREFUSED' }
}
TypeError: fetch failed
    at async w (C:\Users\satya\HermesStore\frontend\.next\server\app\api\hermes\[...path]\route.js:1:1382)
    at async k (C:\Users\satya\HermesStore\frontend\.next\server\app\api\hermes\[...path]\route.js:1:4391)
    at async g (C:\Users\satya\HermesStore\frontend\.next\server\app\api\hermes\[...path]\route.js:1:5394)
    at async E (C:\Users\satya\HermesStore\frontend\.next\server\app\api\hermes\[...path]\route.js:1:6516) {
  [cause]: [AggregateError: ] { code: 'ECONNREFUSED' }
}
TypeError: fetch failed
    at async w (C:\Users\satya\HermesStore\frontend\.next\server\app\api\hermes\[...path]\route.js:1:1382)
    at async k (C:\Users\satya\HermesStore\frontend\.next\server\app\api\hermes\[...path]\route.js:1:4391)
    at async g (C:\Users\satya\HermesStore\frontend\.next\server\app\api\hermes\[...path]\route.js:1:5394)
    at async E (C:\Users\satya\HermesStore\frontend\.next\server\app\api\hermes\[...path]\route.js:1:6516) {
  [cause]: [AggregateError: ] { code: 'ECONNREFUSED' }
}
