2026-07-11 23:44:29,930 WARNING gateway.run: No env user allowlists configured. Messaging platforms default to pairing/allowlist policies and will deny unknown senders unless you configure platform allowlists (e.g., TELEGRAM_ALLOWED_USERS=your_id) or explicitly opt in with GATEWAY_ALLOW_ALL_USERS=true plus dm_policy/group_policy: open on the platform.
2026-07-11 23:44:56,738 WARNING tools.registry: check_fn _browser_cdp_check returned False; dependent tools will be unavailable this turn
2026-07-11 23:44:56,810 WARNING tools.registry: check_fn _browser_dialog_check returned False; dependent tools will be unavailable this turn
2026-07-11 23:44:59,598 WARNING tools.registry: check_fn check_image_generation_requirements returned False; dependent tools will be unavailable this turn
2026-07-11 23:45:00,216 WARNING tools.registry: check_fn check_web_api_key returned False; dependent tools will be unavailable this turn
2026-07-11 23:58:11,974 WARNING gateway.run: No env user allowlists configured. Messaging platforms default to pairing/allowlist policies and will deny unknown senders unless you configure platform allowlists (e.g., TELEGRAM_ALLOWED_USERS=your_id) or explicitly opt in with GATEWAY_ALLOW_ALL_USERS=true plus dm_policy/group_policy: open on the platform.
2026-07-12 00:05:53,015 WARNING gateway.run: No env user allowlists configured. Messaging platforms default to pairing/allowlist policies and will deny unknown senders unless you configure platform allowlists (e.g., TELEGRAM_ALLOWED_USERS=your_id) or explicitly opt in with GATEWAY_ALLOW_ALL_USERS=true plus dm_policy/group_policy: open on the platform.
2026-07-12 00:13:29,942 WARNING gateway.run: No env user allowlists configured. Messaging platforms default to pairing/allowlist policies and will deny unknown senders unless you configure platform allowlists (e.g., TELEGRAM_ALLOWED_USERS=your_id) or explicitly opt in with GATEWAY_ALLOW_ALL_USERS=true plus dm_policy/group_policy: open on the platform.
2026-07-12 00:14:37,071 WARNING gateway.platforms.api_server: API server rejected invalid API key: remote='127.0.0.1' peer_ip='127.0.0.1' method='GET' path='/v1/models' user_agent='curl/8.19.0'
2026-07-12 00:15:39,645 WARNING tools.registry: check_fn _browser_cdp_check returned False; dependent tools will be unavailable this turn
2026-07-12 00:15:39,727 WARNING tools.registry: check_fn _browser_dialog_check returned False; dependent tools will be unavailable this turn
2026-07-12 00:15:41,407 WARNING tools.registry: check_fn check_image_generation_requirements returned False; dependent tools will be unavailable this turn
2026-07-12 00:15:42,046 WARNING tools.registry: check_fn check_web_api_key returned False; dependent tools will be unavailable this turn
2026-07-12 00:17:29,449 WARNING gateway.platforms.api_server: API server rejected invalid API key: remote='127.0.0.1' peer_ip='127.0.0.1' method='GET' path='/v1/models' user_agent='curl/8.19.0'
2026-07-12 00:22:59,414 WARNING gateway.run: No env user allowlists configured. Messaging platforms default to pairing/allowlist policies and will deny unknown senders unless you configure platform allowlists (e.g., TELEGRAM_ALLOWED_USERS=your_id) or explicitly opt in with GATEWAY_ALLOW_ALL_USERS=true plus dm_policy/group_policy: open on the platform.
2026-07-12 00:26:23,377 WARNING tools.registry: check_fn _browser_cdp_check returned False; dependent tools will be unavailable this turn
2026-07-12 00:26:23,471 WARNING tools.registry: check_fn _browser_dialog_check returned False; dependent tools will be unavailable this turn
2026-07-12 00:26:25,825 WARNING tools.registry: check_fn check_image_generation_requirements returned False; dependent tools will be unavailable this turn
2026-07-12 00:26:26,997 WARNING tools.registry: check_fn check_web_api_key returned False; dependent tools will be unavailable this turn
2026-07-12 00:49:19,773 WARNING gateway.run: No env user allowlists configured. Messaging platforms default to pairing/allowlist policies and will deny unknown senders unless you configure platform allowlists (e.g., TELEGRAM_ALLOWED_USERS=your_id) or explicitly opt in with GATEWAY_ALLOW_ALL_USERS=true plus dm_policy/group_policy: open on the platform.
2026-07-12 01:01:01,410 WARNING tools.registry: check_fn _browser_cdp_check returned False; dependent tools will be unavailable this turn
2026-07-12 01:01:01,476 WARNING tools.registry: check_fn _browser_dialog_check returned False; dependent tools will be unavailable this turn
2026-07-12 01:01:03,727 WARNING tools.registry: check_fn check_close_terminal_requirements returned False; dependent tools will be unavailable this turn
2026-07-12 01:01:04,060 WARNING tools.registry: check_fn check_image_generation_requirements returned False; dependent tools will be unavailable this turn
2026-07-12 01:01:04,060 WARNING tools.registry: check_fn check_read_terminal_requirements returned False; dependent tools will be unavailable this turn
2026-07-12 01:24:56,781 WARNING gateway.run: No env user allowlists configured. Messaging platforms default to pairing/allowlist policies and will deny unknown senders unless you configure platform allowlists (e.g., TELEGRAM_ALLOWED_USERS=your_id) or explicitly opt in with GATEWAY_ALLOW_ALL_USERS=true plus dm_policy/group_policy: open on the platform.
